Start building sites … 
hugo v0.88.1+extended darwin/amd64 BuildDate=unknown

                   | CH | EN  
-------------------+----+-----
  Pages            | 49 | 18  
  Paginator pages  |  0 |  0  
  Non-page files   |  0 |  0  
  Static files     | 45 | 45  
  Processed images |  0 |  0  
  Aliases          |  1 |  0  
  Sitemaps         |  2 |  1  
  Cleaned          |  0 |  0  

Built in 123 ms
Watching for changes in /Users/chang/Documents/Blog/{archetypes,content,layouts,static,themes}
Watching for config changes in /Users/chang/Documents/Blog/config.toml
Environment: "development"
Serving pages from memory
Running in Fast Render Mode. For full rebuilds on change: hugo server --disableFastRender
Web Server is available at http://localhost:1313/ (bind address 127.0.0.1)
Press Ctrl+C to stop

Change detected, rebuilding site.
2022-01-09 19:35:46.123 +0800
Source changed "/Users/chang/Documents/Blog/content/ch/journal.md": REMOVE
Total in 9 ms

Change of config file detected, rebuilding site.
2022-01-09 19:35:59.621 +0800
Rebuilt in 121 ms
